<?xml version="1.0" encoding="UTF-8"?>
<!-- Generated by org.testng.reporters.JUnitXMLReporter -->
<testsuite hostname="KHANNA-PC" name="Test" tests="9" failures="0" timestamp="9 Nov 2016 15:03:09 GMT" time="0.047" errors="0">
  <testcase name="SelectText" time="0.0" classname="testngSample.sec_annotations2"/>
  <testcase name="printText" time="0.016" classname="testngSample.sec_annotations1"/>
  <testcase name="printText" time="0.0" classname="testngFiles.annotations1"/>
  <testcase name="login" time="0.0" classname="testngTicket.Booking"/>
  <testcase name="payment" time="0.0" classname="testngTicket.Booking"/>
  <testcase name="printTicket" time="0.0" classname="testngTicket.Booking"/>
  <testcase name="signout" time="0.0" classname="testngTicket.Booking"/>
  <testcase name="ticketBooking" time="0.016" classname="testngTicket.Booking"/>
  <testcase name="SelectText" time="0.0" classname="testngFiles.annotations2"/>
</testsuite> <!-- Test -->
