<?xml version="1.0" encoding="UTF-8"?>
<!-- Generated by org.testng.reporters.JUnitXMLReporter -->
<testsuite hostname="KHANNA-PC" ignored="4" name="smoke testing" tests="5" failures="0" timestamp="23 Feb 2017 10:30:35 GMT" time="0.037" errors="0">
  <testcase name="printText" time="0.009" classname="testngFiles.annotations1"/>
  <testcase name="SelectText" time="0.002" classname="testngFiles.annotations2"/>
  <testcase name="printText" time="0.001" classname="testngSample.sec_annotations1"/>
  <testcase name="SelectText" time="0.001" classname="testngSample.sec_annotations2"/>
  <testcase name="signout" time="0.001" classname="testngTicket.Booking"/>
  <testcase name="ticketBooking" time="0.0" classname="testngTicket.Booking">
    <ignored/>
  </testcase> <!-- ticketBooking -->
  <testcase name="payment" time="0.0" classname="testngTicket.Booking">
    <ignored/>
  </testcase> <!-- payment -->
  <testcase name="printTicket" time="0.0" classname="testngTicket.Booking">
    <ignored/>
  </testcase> <!-- printTicket -->
  <testcase name="login" time="0.0" classname="testngTicket.Booking">
    <ignored/>
  </testcase> <!-- login -->
</testsuite> <!-- smoke testing -->
