<?xml version="1.0" encoding="UTF-8"?>
<testng-results skipped="0" failed="0" ignored="4" total="9" passed="5">
  <reporter-output>
  </reporter-output>
  <suite name="Automation" duration-ms="37" started-at="2017-02-23T10:30:35Z" finished-at="2017-02-23T10:30:35Z">
    <groups>
      <group name="group 1">
        <method signature="Booking.signout()[pri:0, instance:testngTicket.Booking@6d8a00e3]" name="signout" class="testngTicket.Booking"/>
        <method signature="annotations1.printText()[pri:0, instance:testngFiles.annotations1@3c756e4d]" name="printText" class="testngFiles.annotations1"/>
        <method signature="sec_annotations2.SelectText()[pri:0, instance:testngSample.sec_annotations2@5ae9a829]" name="SelectText" class="testngSample.sec_annotations2"/>
      </group> <!-- group 1 -->
    </groups>
    <test name="smoke testing" duration-ms="37" started-at="2017-02-23T10:30:35Z" finished-at="2017-02-23T10:30:35Z">
      <class name="testngTicket.Booking">
        <test-method status="PASS" signature="signout()[pri:0, instance:testngTicket.Booking@6d8a00e3]" name="signout" duration-ms="1" started-at="2017-02-23T16:00:35Z" finished-at="2017-02-23T16:00:35Z">
          <reporter-output>
          </reporter-output>
        </test-method> <!-- signout -->
      </class> <!-- testngTicket.Booking -->
      <class name="testngSample.sec_annotations2">
        <test-method status="PASS" signature="SelectText()[pri:0, instance:testngSample.sec_annotations2@5ae9a829]" name="SelectText" duration-ms="1" started-at="2017-02-23T16:00:35Z" finished-at="2017-02-23T16:00:35Z">
          <reporter-output>
          </reporter-output>
        </test-method> <!-- SelectText -->
      </class> <!-- testngSample.sec_annotations2 -->
      <class name="testngFiles.annotations1">
        <test-method status="PASS" signature="printText()[pri:0, instance:testngFiles.annotations1@3c756e4d]" name="printText" duration-ms="9" started-at="2017-02-23T16:00:35Z" finished-at="2017-02-23T16:00:35Z">
          <reporter-output>
          </reporter-output>
        </test-method> <!-- printText -->
      </class> <!-- testngFiles.annotations1 -->
      <class name="testngSample.sec_annotations1">
        <test-method status="PASS" signature="printText()[pri:0, instance:testngSample.sec_annotations1@573f2bb1]" name="printText" duration-ms="1" started-at="2017-02-23T16:00:35Z" finished-at="2017-02-23T16:00:35Z">
          <reporter-output>
          </reporter-output>
        </test-method> <!-- printText -->
      </class> <!-- testngSample.sec_annotations1 -->
      <class name="testngFiles.annotations2">
        <test-method status="PASS" signature="SelectText()[pri:0, instance:testngFiles.annotations2@402f32ff]" name="SelectText" duration-ms="2" started-at="2017-02-23T16:00:35Z" finished-at="2017-02-23T16:00:35Z">
          <reporter-output>
          </reporter-output>
        </test-method> <!-- SelectText -->
      </class> <!-- testngFiles.annotations2 -->
    </test> <!-- smoke testing -->
  </suite> <!-- Automation -->
</testng-results>
